<?xml version="1.0" encoding="UTF-8"?>
<!-- Generated by org.testng.reporters.JUnitReportReporter -->
<testsuite hostname="DESKTOP-SDVF839" failures="0" tests="1" name="tests.LoginTest" time="6.742" errors="0" timestamp="2025-05-18T20:46:56 WAT" skipped="0">
  <testcase classname="tests.LoginTest" name="testValidLogin" time="6.742"/>
</testsuite> <!-- tests.LoginTest -->
